1592491135341:help
1592491175791:exit
1592491919447:load
1592491938007:help
1592491974015:load
1592491999938:load load
1592492043882:/home/greijal/DEV/clearing/spring-shell.log
1592492052190:load /home/greijal/DEV/clearing/spring-shell.log
1592492137413:help
1592492219081:load
1592542855391:load --file /home/greijal/DEV/clearing/src/test/resources/site.txt
1592543546156:exit
1592545490497:load /home/greijal/DEV/clearing/src/test/resources/site.txt
1592573424360:stacktrace
1592573484383:load /home/greijal/DEV/clearing/src/test/resources/site.txt
1592573815713:stacktrace
1592573936853:load /home/greijal/DEV/clearing/src/test/resources/site.txt
1592574852048:load Matrix.Factory.load(file).toString();
1592574872592:load /home/greijal/DEV/clearing/src/test/resources/site.txt
1592575282887:load matrix
1592575312735:load /home/greijal/DEV/clearing/src/test/resources/site.txt
1592576097094:loag /home/greijal/DEV/clearing/src/test/resources/site.txt
1592576110276:load /home/greijal/DEV/clearing/src/test/resources/site.txt
1592717305219:help
1592717317511:advance 3
1592717324559:advance 4
1592717423994:load /home/greijal/DEV/clearing/src/test/resources/site.txt
1592717429537:ahelp
1592717433006:help
1592717440921:advance 1
1592717446343:advance 9
1592717519881:load /home/greijal/DEV/clearing/src/test/resources/site.txt
1592717524711:help
1592717538496:advance 2
1592717546910:advance 10
1592717873006:adc
1592717877404:help
1592717885717:advance 4
1592717908223:load site.txt
1592717942065:load /home/greijal/DEV/clearing/src/test/resources/site.txt
1592717966942:help
1592717988857:advance 5
1592718258136:load
1592718262686:load advance
1592718270890:load /home/greijal/DEV/clearing/src/test/resources/site.txt
1592720747619:stacktrace
1592720772749:load /home/greijal/DEV/clearing/src/test/resources/site.txt
1592731850139:help
1592731858541:advance 1
1592732001844:laod /home/greijal/DEV/clearing/src/test/resources/site.txt
1592732018868:stacktrace
1592732052575:laod /home/greijal/DEV/clearing/src/test/resources/site.txt
1592732110694:stacktrace
1592732142187:load --file
1592732155507:stacktrace
1592732174837:load --file /home/greijal/DEV/clearing/src/test/resources/site.txt
1592732259166:a
1592732269086:load advance
1592732294034:load /home/greijal/DEV/clearing/src/test/resources/site.txt
1592732298892:a 1
1592732303706:a 2
1592732309935:a2
1592732312045:a 2
1592732403205:load /home/greijal/DEV/clearing/src/test/resources/site.txt
1592732406300:a 2
1592732418056:left
1592732422478:a 3
1592732543222:load /home/greijal/DEV/clearing/src/test/resources/site.txt
1592732557881:a 3
1592732633397:loaf /home/greijal/DEV/clearing/src/test/resources/site.txt
1592732638760:laod /home/greijal/DEV/clearing/src/test/resources/site.txt
1592732644728:load
1592732649441:load /home/greijal/DEV/clearing/src/test/resources/site.txt
1592732653784:a 3
1592732664362:left
1592732964909:stacktrace
1592733088388:a 2
1592734259367:load /home/greijal/DEV/clearing/src/test/resources/site.txt
1592734269062:lefd
1592734272742:left
1592734284184:a 2
1592734373306:loaf /home/greijal/DEV/clearing/src/test/resources/site.txt
1592734375930:load /home/greijal/DEV/clearing/src/test/resources/site.txt
1592734378112:a 1
1592734382676:lefit
1592734386769:left
1592734389381:a 2
1592734465809:load /home/greijal/DEV/clearing/src/test/resources/site.txt
1592734553503:a 2
1592734557439:left
1592734573762:a 2
1592734589947:load         data[0] = new String[]{""};
1592734613837:load /home/greijal/DEV/clearing/src/test/resources/site.txt
1592734617468:a 3
1592734624168:left
1592734625883:a 1
1592737300403:load import org.jline.reader.ParsedLine;
1592737300421:import org.jline.reader.Parser;
1592737300428:import org.jline.reader.SyntaxError;
1592737300433:import org.springframework.boot.SpringApplication;
1592737300438:import org.springframework.boot.autoconfigure.EnableAutoConfiguration;
1592737300442:import org.springframework.boot.autoconfigure.SpringBootApplication;
1592737300446:import org.springframework.context.annotation.Bean;
1592737300449:import org.springframework.context.annotation.ComponentScan;
1592737314228:import org.springframework.shell.jline.JLineShellAutoConfiguration;load /home/greijal/DEV/clearing/src/test/resources/site.txt
1592737318132:load /home/greijal/DEV/clearing/src/test/resources/site.txt
1592737325513:a 2
1592737331794:a 3
1592737339519:r
1592737341059:a 1
1592737682456:help
1592738936494:load
1592738961930:load /home/greijal/DEV/clearing/src/test/resources/site.txt
1592738973893:load
1592738980848:a 2
1592738985041:l
1592738987819:a 1
1592738992234:l
1592738995119:a 1
1592738999635:a 2
1592739002921:a 1
1592739013059:a a
1592739021599:a 1
1592739160368:loaf The initial position of the bulldozer will be outside of the site, to the left of the top left (north west)
1592739160391:square of the site, facing towards the east. The bulldozer will never be blocked (by an unremovable
1592739298291:laod
1592739304111:load
1592739364283:a
1592739369931:a 1
1592739392547:stacktrace
